<?xml version="1.0" encoding="UTF-8"?>
<!-- Generated by org.testng.reporters.JUnitReportReporter -->
<testsuite skipped="0" hostname="BDC4A-D-5RS1RG2" name="com.casestudy.testmeapp.TestMeApp.TestMeApp" tests="1" failures="0" timestamp="12 Apr 2018 09:19:37 GMT" time="11.211" errors="0">
  <testcase name="testMeApp" time="11.211" classname="com.casestudy.testmeapp.TestMeApp.TestMeApp"/>
</testsuite> <!-- com.casestudy.testmeapp.TestMeApp.TestMeApp -->
